<?xml version="1.0" encoding="UTF-8"?>
<!-- Generated by org.testng.reporters.JUnitReportReporter -->
<testsuite skipped="0" hostname="nguyenduc20" name="com.shopgiay.DatHangTest" tests="2" failures="0" timestamp="2023-06-21T08:30:22 ICT" time="37.130" errors="0">
  <testcase name="DH_01" time="17.890" classname="com.shopgiay.DatHangTest"/>
  <system-out/>
  <testcase name="DH_02" time="19.240" classname="com.shopgiay.DatHangTest"/>
  <system-out/>
</testsuite> <!-- com.shopgiay.DatHangTest -->
